<?xml version="1.0" encoding="UTF-8"?>
<!-- Generated by org.testng.reporters.JUnitReportReporter -->
<testsuite hostname="DESKTOP-99VKP99" name="TestSelenium.TestSelenium.SampleSelenium" tests="1" failures="0" timestamp="16 Nov 2021 08:07:05 GMT" time="41.145" errors="0">
  <testcase name="test" time="41.145" classname="TestSelenium.TestSelenium.SampleSelenium"/>
</testsuite> <!-- TestSelenium.TestSelenium.SampleSelenium -->
